<?xml version="1.0" encoding="UTF-8"?>
<!-- Generated by org.testng.reporters.JUnitReportReporter -->
<testsuite hostname="ADMIN" name="com.testng.TestApp" tests="1" failures="0" timestamp="23 Dec 2015 14:18:33 GMT" time="35.712" errors="0">
  <testcase name="test" time="35.712" classname="com.testng.TestApp"/>
</testsuite> <!-- com.testng.TestApp -->
